# JRE version: Java(TM) SE Runtime Environment (10.0.1+10) (build 10.0.1+10)
# Java VM: Java HotSpot(TM) 64-Bit Server VM (10.0.1+10, mixed mode, tiered, compressed oops, g1 gc, windows-amd64)
Heap:
 garbage-first heap   total 114688K, used 75857K [0x0000000091800000, 0x0000000100000000)
  region size 1024K, 49 young (50176K), 5 survivors (5120K)
 Metaspace       used 64041K, capacity 65558K, committed 66056K, reserved 1107968K
  class space    used 7738K, capacity 8454K, committed 8496K, reserved 1048576K
GC Heap History (10 events):
Event: 19.350 GC heap before
{Heap before GC invocations=10 (full 0):
 garbage-first heap   total 114688K, used 81190K [0x0000000091800000, 0x0000000100000000)
  region size 1024K, 65 young (66560K), 6 survivors (6144K)
 Metaspace       used 40773K, capacity 41615K, committed 41904K, reserved 1085440K
  class space    used 4628K, capacity 4992K, committed 5040K, reserved 1048576K
}
Event: 19.366 GC heap after
{Heap after GC invocations=11 (full 0):
 garbage-first heap   total 114688K, used 24019K [0x0000000091800000, 0x0000000100000000)
  region size 1024K, 8 young (8192K), 8 survivors (8192K)
 Metaspace       used 40773K, capacity 41615K, committed 41904K, reserved 1085440K
  class space    used 4628K, capacity 4992K, committed 5040K, reserved 1048576K
}
Event: 20.709 GC heap before
{Heap before GC invocations=11 (full 0):
 garbage-first heap   total 114688K, used 83411K [0x0000000091800000, 0x0000000100000000)
  region size 1024K, 66 young (67584K), 8 survivors (8192K)
 Metaspace       used 43095K, capacity 43997K, committed 44208K, reserved 1087488K
  class space    used 4910K, capacity 5275K, committed 5296K, reserved 1048576K
}
Event: 20.726 GC heap after
{Heap after GC invocations=12 (full 0):
 garbage-first heap   total 114688K, used 27042K [0x0000000091800000, 0x0000000100000000)
  region size 1024K, 7 young (7168K), 7 survivors (7168K)
 Metaspace       used 43095K, capacity 43997K, committed 44208K, reserved 1087488K
  class space    used 4910K, capacity 5275K, committed 5296K, reserved 1048576K
}
Event: 24.711 GC heap before
{Heap before GC invocations=12 (full 0):
 garbage-first heap   total 114688K, used 85410K [0x0000000091800000, 0x0000000100000000)
  region size 1024K, 64 young (65536K), 7 survivors (7168K)
 Metaspace       used 47578K, capacity 48624K, committed 48944K, reserved 1091584K
  class space    used 5477K, capacity 5895K, committed 5936K, reserved 1048576K
}
Event: 24.724 GC heap after
{Heap after GC invocations=13 (full 0):
 garbage-first heap   total 114688K, used 29632K [0x0000000091800000, 0x0000000100000000)
  region size 1024K, 6 young (6144K), 6 survivors (6144K)
 Metaspace       used 47578K, capacity 48624K, committed 48944K, reserved 1091584K
  class space    used 5477K, capacity 5895K, committed 5936K, reserved 1048576K
}
Event: 26.754 GC heap before
{Heap before GC invocations=13 (full 0):
 garbage-first heap   total 114688K, used 88000K [0x0000000091800000, 0x0000000100000000)
  region size 1024K, 63 young (64512K), 6 survivors (6144K)
 Metaspace       used 56859K, capacity 58231K, committed 58800K, reserved 1101824K
  class space    used 6636K, capacity 7281K, committed 7344K, reserved 1048576K
}
Event: 26.766 GC heap after
{Heap after GC invocations=14 (full 0):
 garbage-first heap   total 114688K, used 31737K [0x0000000091800000, 0x0000000100000000)
  region size 1024K, 5 young (5120K), 5 survivors (5120K)
 Metaspace       used 56859K, capacity 58231K, committed 58800K, reserved 1101824K
  class space    used 6636K, capacity 7281K, committed 7344K, reserved 1048576K
}
Event: 27.121 GC heap before
{Heap before GC invocations=14 (full 0):
 garbage-first heap   total 114688K, used 48121K [0x0000000091800000, 0x0000000100000000)
  region size 1024K, 22 young (22528K), 5 survivors (5120K)
 Metaspace       used 58506K, capacity 59832K, committed 60296K, reserved 1101824K
  class space    used 6866K, capacity 7517K, committed 7600K, reserved 1048576K
}
Event: 27.132 GC heap after
{Heap after GC invocations=15 (full 0):
 garbage-first heap   total 114688K, used 31825K [0x0000000091800000, 0x0000000100000000)
  region size 1024K, 5 young (5120K), 5 survivors (5120K)
 Metaspace       used 58506K, capacity 59832K, committed 60296K, reserved 1101824K
  class space    used 6866K, capacity 7517K, committed 7600K, reserved 1048576K
}

